CRITICAL - 2024-08-01 10:44:00 --> Error: Class "App\Models\OrderModel" not found
[Method: POST, Route: checkout/complete]
in APPPATH\Controllers\CheckoutController.php on line 39.
 1 SYSTEMPATH\CodeIgniter.php(933): App\Controllers\CheckoutController->complete()
 2 SYSTEMPATH\CodeIgniter.php(509): CodeIgniter\CodeIgniter->runController(Object(App\Controllers\CheckoutController))
 3 SYSTEMPATH\CodeIgniter.php(355): CodeIgniter\CodeIgniter->handleRequest(null, Object(Config\Cache), false)
 4 SYSTEMPATH\Boot.php(325): CodeIgniter\CodeIgniter->run()
 5 SYSTEMPATH\Boot.php(67): CodeIgniter\Boot::runCodeIgniter(Object(CodeIgniter\CodeIgniter))
 6 FCPATH\index.php(56): CodeIgniter\Boot::bootWeb(Object(Config\Paths))
 7 SYSTEMPATH\rewrite.php(44): require_once('D:\\xampp\\htdocs\\benoite\\public\\index.php')
CRITICAL - 2024-08-01 11:47:02 --> ErrorException: Undefined variable $cakes
[Method: GET, Route: /]
in APPPATH\Views\home.php on line 160.
 1 APPPATH\Views\home.php(160): CodeIgniter\Debug\Exceptions->errorHandler(2, 'Undefined variable $cakes', 'D:\\xampp\\htdocs\\benoite\\app\\Views\\home.php', 160)
 2 SYSTEMPATH\View\View.php(234): include('D:\\xampp\\htdocs\\benoite\\app\\Views\\home.php')
 3 SYSTEMPATH\View\View.php(237): CodeIgniter\View\View->CodeIgniter\View\{closure}()
 4 SYSTEMPATH\Common.php(1171): CodeIgniter\View\View->render('home', [], true)
 5 APPPATH\Controllers\Home.php(13): view('home')
 6 SYSTEMPATH\CodeIgniter.php(933): App\Controllers\Home->index()
 7 SYSTEMPATH\CodeIgniter.php(509): CodeIgniter\CodeIgniter->runController(Object(App\Controllers\Home))
 8 SYSTEMPATH\CodeIgniter.php(355): CodeIgniter\CodeIgniter->handleRequest(null, Object(Config\Cache), false)
 9 SYSTEMPATH\Boot.php(325): CodeIgniter\CodeIgniter->run()
10 SYSTEMPATH\Boot.php(67): CodeIgniter\Boot::runCodeIgniter(Object(CodeIgniter\CodeIgniter))
11 FCPATH\index.php(56): CodeIgniter\Boot::bootWeb(Object(Config\Paths))
12 SYSTEMPATH\rewrite.php(44): require_once('D:\\xampp\\htdocs\\benoite\\public\\index.php')
CRITICAL - 2024-08-01 11:47:10 --> ErrorException: Undefined variable $cakes
[Method: GET, Route: /]
in APPPATH\Views\home.php on line 160.
 1 APPPATH\Views\home.php(160): CodeIgniter\Debug\Exceptions->errorHandler(2, 'Undefined variable $cakes', 'D:\\xampp\\htdocs\\benoite\\app\\Views\\home.php', 160)
 2 SYSTEMPATH\View\View.php(234): include('D:\\xampp\\htdocs\\benoite\\app\\Views\\home.php')
 3 SYSTEMPATH\View\View.php(237): CodeIgniter\View\View->CodeIgniter\View\{closure}()
 4 SYSTEMPATH\Common.php(1171): CodeIgniter\View\View->render('home', [], true)
 5 APPPATH\Controllers\Home.php(13): view('home')
 6 SYSTEMPATH\CodeIgniter.php(933): App\Controllers\Home->index()
 7 SYSTEMPATH\CodeIgniter.php(509): CodeIgniter\CodeIgniter->runController(Object(App\Controllers\Home))
 8 SYSTEMPATH\CodeIgniter.php(355): CodeIgniter\CodeIgniter->handleRequest(null, Object(Config\Cache), false)
 9 SYSTEMPATH\Boot.php(325): CodeIgniter\CodeIgniter->run()
10 SYSTEMPATH\Boot.php(67): CodeIgniter\Boot::runCodeIgniter(Object(CodeIgniter\CodeIgniter))
11 FCPATH\index.php(56): CodeIgniter\Boot::bootWeb(Object(Config\Paths))
12 SYSTEMPATH\rewrite.php(44): require_once('D:\\xampp\\htdocs\\benoite\\public\\index.php')
