CRITICAL - 2024-08-08 06:07:03 --> CodeIgniter\View\Exceptions\ViewException: Invalid file: "order_status.php"
[Method: GET, Route: user/order_status]
in SYSTEMPATH\Exceptions\FrameworkException.php on line 41.
 1 SYSTEMPATH\View\View.php(222): CodeIgniter\Exceptions\FrameworkException::forInvalidFile('order_status.php')
 2 SYSTEMPATH\Common.php(1171): CodeIgniter\View\View->render('order_status', [], true)
 3 APPPATH\Controllers\User.php(47): view('order_status', [...])
 4 SYSTEMPATH\CodeIgniter.php(933): App\Controllers\User->order_status()
 5 SYSTEMPATH\CodeIgniter.php(509): CodeIgniter\CodeIgniter->runController(Object(App\Controllers\User))
 6 SYSTEMPATH\CodeIgniter.php(355): CodeIgniter\CodeIgniter->handleRequest(null, Object(Config\Cache), false)
 7 SYSTEMPATH\Boot.php(325): CodeIgniter\CodeIgniter->run()
 8 SYSTEMPATH\Boot.php(67): CodeIgniter\Boot::runCodeIgniter(Object(CodeIgniter\CodeIgniter))
 9 FCPATH\index.php(56): CodeIgniter\Boot::bootWeb(Object(Config\Paths))
10 SYSTEMPATH\rewrite.php(44): require_once('D:\\xampp\\htdocs\\benoite\\public\\index.php')
CRITICAL - 2024-08-08 06:46:00 --> CodeIgniter\View\Exceptions\ViewException: Invalid file: "order_status.php"
[Method: GET, Route: user/order_status]
in SYSTEMPATH\Exceptions\FrameworkException.php on line 41.
 1 SYSTEMPATH\View\View.php(222): CodeIgniter\Exceptions\FrameworkException::forInvalidFile('order_status.php')
 2 SYSTEMPATH\Common.php(1171): CodeIgniter\View\View->render('order_status', [], true)
 3 APPPATH\Controllers\User.php(50): view('order_status', [...])
 4 SYSTEMPATH\CodeIgniter.php(933): App\Controllers\User->order_status()
 5 SYSTEMPATH\CodeIgniter.php(509): CodeIgniter\CodeIgniter->runController(Object(App\Controllers\User))
 6 SYSTEMPATH\CodeIgniter.php(355): CodeIgniter\CodeIgniter->handleRequest(null, Object(Config\Cache), false)
 7 SYSTEMPATH\Boot.php(325): CodeIgniter\CodeIgniter->run()
 8 SYSTEMPATH\Boot.php(67): CodeIgniter\Boot::runCodeIgniter(Object(CodeIgniter\CodeIgniter))
 9 FCPATH\index.php(56): CodeIgniter\Boot::bootWeb(Object(Config\Paths))
10 SYSTEMPATH\rewrite.php(44): require_once('D:\\xampp\\htdocs\\benoite\\public\\index.php')
CRITICAL - 2024-08-08 06:46:05 --> CodeIgniter\View\Exceptions\ViewException: Invalid file: "order_status.php"
[Method: GET, Route: user/order_status]
in SYSTEMPATH\Exceptions\FrameworkException.php on line 41.
 1 SYSTEMPATH\View\View.php(222): CodeIgniter\Exceptions\FrameworkException::forInvalidFile('order_status.php')
 2 SYSTEMPATH\Common.php(1171): CodeIgniter\View\View->render('order_status', [], true)
 3 APPPATH\Controllers\User.php(50): view('order_status', [...])
 4 SYSTEMPATH\CodeIgniter.php(933): App\Controllers\User->order_status()
 5 SYSTEMPATH\CodeIgniter.php(509): CodeIgniter\CodeIgniter->runController(Object(App\Controllers\User))
 6 SYSTEMPATH\CodeIgniter.php(355): CodeIgniter\CodeIgniter->handleRequest(null, Object(Config\Cache), false)
 7 SYSTEMPATH\Boot.php(325): CodeIgniter\CodeIgniter->run()
 8 SYSTEMPATH\Boot.php(67): CodeIgniter\Boot::runCodeIgniter(Object(CodeIgniter\CodeIgniter))
 9 FCPATH\index.php(56): CodeIgniter\Boot::bootWeb(Object(Config\Paths))
10 SYSTEMPATH\rewrite.php(44): require_once('D:\\xampp\\htdocs\\benoite\\public\\index.php')
CRITICAL - 2024-08-08 06:46:36 --> CodeIgniter\View\Exceptions\ViewException: Invalid file: "order_status.php"
[Method: GET, Route: user/order_status]
in SYSTEMPATH\Exceptions\FrameworkException.php on line 41.
 1 SYSTEMPATH\View\View.php(222): CodeIgniter\Exceptions\FrameworkException::forInvalidFile('order_status.php')
 2 SYSTEMPATH\Common.php(1171): CodeIgniter\View\View->render('order_status', [], true)
 3 APPPATH\Controllers\User.php(50): view('order_status', [...])
 4 SYSTEMPATH\CodeIgniter.php(933): App\Controllers\User->order_status()
 5 SYSTEMPATH\CodeIgniter.php(509): CodeIgniter\CodeIgniter->runController(Object(App\Controllers\User))
 6 SYSTEMPATH\CodeIgniter.php(355): CodeIgniter\CodeIgniter->handleRequest(null, Object(Config\Cache), false)
 7 SYSTEMPATH\Boot.php(325): CodeIgniter\CodeIgniter->run()
 8 SYSTEMPATH\Boot.php(67): CodeIgniter\Boot::runCodeIgniter(Object(CodeIgniter\CodeIgniter))
 9 FCPATH\index.php(56): CodeIgniter\Boot::bootWeb(Object(Config\Paths))
10 SYSTEMPATH\rewrite.php(44): require_once('D:\\xampp\\htdocs\\benoite\\public\\index.php')
CRITICAL - 2024-08-08 06:50:20 --> ErrorException: Undefined array key "order_date"
[Method: GET, Route: user/order_status]
in APPPATH\Views\user\order_status.php on line 59.
 1 APPPATH\Views\user\order_status.php(59): CodeIgniter\Debug\Exceptions->errorHandler(2, 'Undefined array key "order_date"', 'D:\\xampp\\htdocs\\benoite\\app\\Views\\user\\order_status.php', 59)
 2 SYSTEMPATH\View\View.php(234): include('D:\\xampp\\htdocs\\benoite\\app\\Views\\user\\order_status.php')
 3 SYSTEMPATH\View\View.php(237): CodeIgniter\View\View->CodeIgniter\View\{closure}()
 4 SYSTEMPATH\Common.php(1171): CodeIgniter\View\View->render('/user/order_status', [], true)
 5 APPPATH\Controllers\User.php(50): view('/user/order_status', [...])
 6 SYSTEMPATH\CodeIgniter.php(933): App\Controllers\User->order_status()
 7 SYSTEMPATH\CodeIgniter.php(509): CodeIgniter\CodeIgniter->runController(Object(App\Controllers\User))
 8 SYSTEMPATH\CodeIgniter.php(355): CodeIgniter\CodeIgniter->handleRequest(null, Object(Config\Cache), false)
 9 SYSTEMPATH\Boot.php(325): CodeIgniter\CodeIgniter->run()
10 SYSTEMPATH\Boot.php(67): CodeIgniter\Boot::runCodeIgniter(Object(CodeIgniter\CodeIgniter))
11 FCPATH\index.php(56): CodeIgniter\Boot::bootWeb(Object(Config\Paths))
12 SYSTEMPATH\rewrite.php(44): require_once('D:\\xampp\\htdocs\\benoite\\public\\index.php')
CRITICAL - 2024-08-08 06:50:24 --> ErrorException: Undefined array key "order_date"
[Method: GET, Route: user/order_status]
in APPPATH\Views\user\order_status.php on line 59.
 1 APPPATH\Views\user\order_status.php(59): CodeIgniter\Debug\Exceptions->errorHandler(2, 'Undefined array key "order_date"', 'D:\\xampp\\htdocs\\benoite\\app\\Views\\user\\order_status.php', 59)
 2 SYSTEMPATH\View\View.php(234): include('D:\\xampp\\htdocs\\benoite\\app\\Views\\user\\order_status.php')
 3 SYSTEMPATH\View\View.php(237): CodeIgniter\View\View->CodeIgniter\View\{closure}()
 4 SYSTEMPATH\Common.php(1171): CodeIgniter\View\View->render('/user/order_status', [], true)
 5 APPPATH\Controllers\User.php(50): view('/user/order_status', [...])
 6 SYSTEMPATH\CodeIgniter.php(933): App\Controllers\User->order_status()
 7 SYSTEMPATH\CodeIgniter.php(509): CodeIgniter\CodeIgniter->runController(Object(App\Controllers\User))
 8 SYSTEMPATH\CodeIgniter.php(355): CodeIgniter\CodeIgniter->handleRequest(null, Object(Config\Cache), false)
 9 SYSTEMPATH\Boot.php(325): CodeIgniter\CodeIgniter->run()
10 SYSTEMPATH\Boot.php(67): CodeIgniter\Boot::runCodeIgniter(Object(CodeIgniter\CodeIgniter))
11 FCPATH\index.php(56): CodeIgniter\Boot::bootWeb(Object(Config\Paths))
12 SYSTEMPATH\rewrite.php(44): require_once('D:\\xampp\\htdocs\\benoite\\public\\index.php')
CRITICAL - 2024-08-08 07:29:01 --> ParseError: Unclosed '{' on line 10
[Method: GET, Route: user/order_status]
in APPPATH\Controllers\User.php on line 88.
 1 SYSTEMPATH\Autoloader\Autoloader.php(296): CodeIgniter\Autoloader\Autoloader->includeFile('D:\\xampp\\htdocs\\benoite\\app\\Controllers\\User.php')
 2 SYSTEMPATH\Autoloader\Autoloader.php(272): CodeIgniter\Autoloader\Autoloader->loadInNamespace('App\\Controllers\\User')
 3 [internal function]: CodeIgniter\Autoloader\Autoloader->loadClass('App\\Controllers\\User')
 4 SYSTEMPATH\CodeIgniter.php(887): class_exists('\\App\\Controllers\\User', true)
 5 SYSTEMPATH\CodeIgniter.php(496): CodeIgniter\CodeIgniter->startController()
 6 SYSTEMPATH\CodeIgniter.php(355): CodeIgniter\CodeIgniter->handleRequest(null, Object(Config\Cache), false)
 7 SYSTEMPATH\Boot.php(325): CodeIgniter\CodeIgniter->run()
 8 SYSTEMPATH\Boot.php(67): CodeIgniter\Boot::runCodeIgniter(Object(CodeIgniter\CodeIgniter))
 9 FCPATH\index.php(56): CodeIgniter\Boot::bootWeb(Object(Config\Paths))
10 SYSTEMPATH\rewrite.php(44): require_once('D:\\xampp\\htdocs\\benoite\\public\\index.php')
CRITICAL - 2024-08-08 07:49:18 --> CodeIgniter\View\Exceptions\ViewException: Invalid file: "order_status.php"
[Method: GET, Route: user/order_status]
in SYSTEMPATH\Exceptions\FrameworkException.php on line 41.
 1 SYSTEMPATH\View\View.php(222): CodeIgniter\Exceptions\FrameworkException::forInvalidFile('order_status.php')
 2 SYSTEMPATH\Common.php(1171): CodeIgniter\View\View->render('order_status', [], true)
 3 APPPATH\Controllers\User.php(55): view('order_status', [...])
 4 SYSTEMPATH\CodeIgniter.php(933): App\Controllers\User->order_status()
 5 SYSTEMPATH\CodeIgniter.php(509): CodeIgniter\CodeIgniter->runController(Object(App\Controllers\User))
 6 SYSTEMPATH\CodeIgniter.php(355): CodeIgniter\CodeIgniter->handleRequest(null, Object(Config\Cache), false)
 7 SYSTEMPATH\Boot.php(325): CodeIgniter\CodeIgniter->run()
 8 SYSTEMPATH\Boot.php(67): CodeIgniter\Boot::runCodeIgniter(Object(CodeIgniter\CodeIgniter))
 9 FCPATH\index.php(56): CodeIgniter\Boot::bootWeb(Object(Config\Paths))
10 SYSTEMPATH\rewrite.php(44): require_once('D:\\xampp\\htdocs\\benoite\\public\\index.php')
CRITICAL - 2024-08-08 07:50:10 --> CodeIgniter\View\Exceptions\ViewException: Invalid file: "order_status.php"
[Method: GET, Route: user/order_status]
in SYSTEMPATH\Exceptions\FrameworkException.php on line 41.
 1 SYSTEMPATH\View\View.php(222): CodeIgniter\Exceptions\FrameworkException::forInvalidFile('order_status.php')
 2 SYSTEMPATH\Common.php(1171): CodeIgniter\View\View->render('order_status', [], true)
 3 APPPATH\Controllers\User.php(55): view('order_status', [...])
 4 SYSTEMPATH\CodeIgniter.php(933): App\Controllers\User->order_status()
 5 SYSTEMPATH\CodeIgniter.php(509): CodeIgniter\CodeIgniter->runController(Object(App\Controllers\User))
 6 SYSTEMPATH\CodeIgniter.php(355): CodeIgniter\CodeIgniter->handleRequest(null, Object(Config\Cache), false)
 7 SYSTEMPATH\Boot.php(325): CodeIgniter\CodeIgniter->run()
 8 SYSTEMPATH\Boot.php(67): CodeIgniter\Boot::runCodeIgniter(Object(CodeIgniter\CodeIgniter))
 9 FCPATH\index.php(56): CodeIgniter\Boot::bootWeb(Object(Config\Paths))
10 SYSTEMPATH\rewrite.php(44): require_once('D:\\xampp\\htdocs\\benoite\\public\\index.php')
ERROR - 2024-08-08 07:52:26 --> mysqli_sql_exception: Column 'user_id' cannot be null in D:\xampp\htdocs\benoite\system\Database\MySQLi\Connection.php:312
Stack trace:
#0 D:\xampp\htdocs\benoite\system\Database\MySQLi\Connection.php(312): mysqli->query('INSERT INTO `or...', 0)
#1 D:\xampp\htdocs\benoite\system\Database\BaseConnection.php(734): CodeIgniter\Database\MySQLi\Connection->execute('INSERT INTO `or...')
#2 D:\xampp\htdocs\benoite\system\Database\BaseConnection.php(648): CodeIgniter\Database\BaseConnection->simpleQuery('INSERT INTO `or...')
#3 D:\xampp\htdocs\benoite\system\Database\BaseBuilder.php(2332): CodeIgniter\Database\BaseConnection->query('INSERT INTO `or...', Array, false)
#4 D:\xampp\htdocs\benoite\system\Model.php(394): CodeIgniter\Database\BaseBuilder->insert()
#5 D:\xampp\htdocs\benoite\system\BaseModel.php(840): CodeIgniter\Model->doInsert(Array)
#6 D:\xampp\htdocs\benoite\system\Model.php(802): CodeIgniter\BaseModel->insert(Array, true)
#7 D:\xampp\htdocs\benoite\app\Controllers\CheckoutController.php(71): CodeIgniter\Model->insert(Array)
#8 D:\xampp\htdocs\benoite\system\CodeIgniter.php(933): App\Controllers\CheckoutController->complete()
#9 D:\xampp\htdocs\benoite\system\CodeIgniter.php(509): CodeIgniter\CodeIgniter->runController(Object(App\Controllers\CheckoutController))
#10 D:\xampp\htdocs\benoite\system\CodeIgniter.php(355): CodeIgniter\CodeIgniter->handleRequest(NULL, Object(Config\Cache), false)
#11 D:\xampp\htdocs\benoite\system\Boot.php(325): CodeIgniter\CodeIgniter->run()
#12 D:\xampp\htdocs\benoite\system\Boot.php(67): CodeIgniter\Boot::runCodeIgniter(Object(CodeIgniter\CodeIgniter))
#13 D:\xampp\htdocs\benoite\public\index.php(56): CodeIgniter\Boot::bootWeb(Object(Config\Paths))
#14 D:\xampp\htdocs\benoite\system\rewrite.php(44): require_once('D:\\xampp\\htdocs...')
#15 {main}
ERROR - 2024-08-08 07:53:00 --> mysqli_sql_exception: Column 'user_id' cannot be null in D:\xampp\htdocs\benoite\system\Database\MySQLi\Connection.php:312
Stack trace:
#0 D:\xampp\htdocs\benoite\system\Database\MySQLi\Connection.php(312): mysqli->query('INSERT INTO `or...', 0)
#1 D:\xampp\htdocs\benoite\system\Database\BaseConnection.php(734): CodeIgniter\Database\MySQLi\Connection->execute('INSERT INTO `or...')
#2 D:\xampp\htdocs\benoite\system\Database\BaseConnection.php(648): CodeIgniter\Database\BaseConnection->simpleQuery('INSERT INTO `or...')
#3 D:\xampp\htdocs\benoite\system\Database\BaseBuilder.php(2332): CodeIgniter\Database\BaseConnection->query('INSERT INTO `or...', Array, false)
#4 D:\xampp\htdocs\benoite\system\Model.php(394): CodeIgniter\Database\BaseBuilder->insert()
#5 D:\xampp\htdocs\benoite\system\BaseModel.php(840): CodeIgniter\Model->doInsert(Array)
#6 D:\xampp\htdocs\benoite\system\Model.php(802): CodeIgniter\BaseModel->insert(Array, true)
#7 D:\xampp\htdocs\benoite\app\Controllers\CheckoutController.php(71): CodeIgniter\Model->insert(Array)
#8 D:\xampp\htdocs\benoite\system\CodeIgniter.php(933): App\Controllers\CheckoutController->complete()
#9 D:\xampp\htdocs\benoite\system\CodeIgniter.php(509): CodeIgniter\CodeIgniter->runController(Object(App\Controllers\CheckoutController))
#10 D:\xampp\htdocs\benoite\system\CodeIgniter.php(355): CodeIgniter\CodeIgniter->handleRequest(NULL, Object(Config\Cache), false)
#11 D:\xampp\htdocs\benoite\system\Boot.php(325): CodeIgniter\CodeIgniter->run()
#12 D:\xampp\htdocs\benoite\system\Boot.php(67): CodeIgniter\Boot::runCodeIgniter(Object(CodeIgniter\CodeIgniter))
#13 D:\xampp\htdocs\benoite\public\index.php(56): CodeIgniter\Boot::bootWeb(Object(Config\Paths))
#14 D:\xampp\htdocs\benoite\system\rewrite.php(44): require_once('D:\\xampp\\htdocs...')
#15 {main}
ERROR - 2024-08-08 07:54:55 --> mysqli_sql_exception: Column 'user_id' cannot be null in D:\xampp\htdocs\benoite\system\Database\MySQLi\Connection.php:312
Stack trace:
#0 D:\xampp\htdocs\benoite\system\Database\MySQLi\Connection.php(312): mysqli->query('INSERT INTO `or...', 0)
#1 D:\xampp\htdocs\benoite\system\Database\BaseConnection.php(734): CodeIgniter\Database\MySQLi\Connection->execute('INSERT INTO `or...')
#2 D:\xampp\htdocs\benoite\system\Database\BaseConnection.php(648): CodeIgniter\Database\BaseConnection->simpleQuery('INSERT INTO `or...')
#3 D:\xampp\htdocs\benoite\system\Database\BaseBuilder.php(2332): CodeIgniter\Database\BaseConnection->query('INSERT INTO `or...', Array, false)
#4 D:\xampp\htdocs\benoite\system\Model.php(394): CodeIgniter\Database\BaseBuilder->insert()
#5 D:\xampp\htdocs\benoite\system\BaseModel.php(840): CodeIgniter\Model->doInsert(Array)
#6 D:\xampp\htdocs\benoite\system\Model.php(802): CodeIgniter\BaseModel->insert(Array, true)
#7 D:\xampp\htdocs\benoite\app\Controllers\CheckoutController.php(71): CodeIgniter\Model->insert(Array)
#8 D:\xampp\htdocs\benoite\system\CodeIgniter.php(933): App\Controllers\CheckoutController->complete()
#9 D:\xampp\htdocs\benoite\system\CodeIgniter.php(509): CodeIgniter\CodeIgniter->runController(Object(App\Controllers\CheckoutController))
#10 D:\xampp\htdocs\benoite\system\CodeIgniter.php(355): CodeIgniter\CodeIgniter->handleRequest(NULL, Object(Config\Cache), false)
#11 D:\xampp\htdocs\benoite\system\Boot.php(325): CodeIgniter\CodeIgniter->run()
#12 D:\xampp\htdocs\benoite\system\Boot.php(67): CodeIgniter\Boot::runCodeIgniter(Object(CodeIgniter\CodeIgniter))
#13 D:\xampp\htdocs\benoite\public\index.php(56): CodeIgniter\Boot::bootWeb(Object(Config\Paths))
#14 D:\xampp\htdocs\benoite\system\rewrite.php(44): require_once('D:\\xampp\\htdocs...')
#15 {main}
ERROR - 2024-08-08 08:05:22 --> mysqli_sql_exception: Column 'user_id' cannot be null in D:\xampp\htdocs\benoite\system\Database\MySQLi\Connection.php:312
Stack trace:
#0 D:\xampp\htdocs\benoite\system\Database\MySQLi\Connection.php(312): mysqli->query('INSERT INTO `or...', 0)
#1 D:\xampp\htdocs\benoite\system\Database\BaseConnection.php(734): CodeIgniter\Database\MySQLi\Connection->execute('INSERT INTO `or...')
#2 D:\xampp\htdocs\benoite\system\Database\BaseConnection.php(648): CodeIgniter\Database\BaseConnection->simpleQuery('INSERT INTO `or...')
#3 D:\xampp\htdocs\benoite\system\Database\BaseBuilder.php(2332): CodeIgniter\Database\BaseConnection->query('INSERT INTO `or...', Array, false)
#4 D:\xampp\htdocs\benoite\system\Model.php(394): CodeIgniter\Database\BaseBuilder->insert()
#5 D:\xampp\htdocs\benoite\system\BaseModel.php(840): CodeIgniter\Model->doInsert(Array)
#6 D:\xampp\htdocs\benoite\system\Model.php(802): CodeIgniter\BaseModel->insert(Array, true)
#7 D:\xampp\htdocs\benoite\app\Controllers\CheckoutController.php(72): CodeIgniter\Model->insert(Array)
#8 D:\xampp\htdocs\benoite\system\CodeIgniter.php(933): App\Controllers\CheckoutController->complete()
#9 D:\xampp\htdocs\benoite\system\CodeIgniter.php(509): CodeIgniter\CodeIgniter->runController(Object(App\Controllers\CheckoutController))
#10 D:\xampp\htdocs\benoite\system\CodeIgniter.php(355): CodeIgniter\CodeIgniter->handleRequest(NULL, Object(Config\Cache), false)
#11 D:\xampp\htdocs\benoite\system\Boot.php(325): CodeIgniter\CodeIgniter->run()
#12 D:\xampp\htdocs\benoite\system\Boot.php(67): CodeIgniter\Boot::runCodeIgniter(Object(CodeIgniter\CodeIgniter))
#13 D:\xampp\htdocs\benoite\public\index.php(56): CodeIgniter\Boot::bootWeb(Object(Config\Paths))
#14 D:\xampp\htdocs\benoite\system\rewrite.php(44): require_once('D:\\xampp\\htdocs...')
#15 {main}
ERROR - 2024-08-08 08:09:35 --> mysqli_sql_exception: Column 'user_id' cannot be null in D:\xampp\htdocs\benoite\system\Database\MySQLi\Connection.php:312
Stack trace:
#0 D:\xampp\htdocs\benoite\system\Database\MySQLi\Connection.php(312): mysqli->query('INSERT INTO `or...', 0)
#1 D:\xampp\htdocs\benoite\system\Database\BaseConnection.php(734): CodeIgniter\Database\MySQLi\Connection->execute('INSERT INTO `or...')
#2 D:\xampp\htdocs\benoite\system\Database\BaseConnection.php(648): CodeIgniter\Database\BaseConnection->simpleQuery('INSERT INTO `or...')
#3 D:\xampp\htdocs\benoite\system\Database\BaseBuilder.php(2332): CodeIgniter\Database\BaseConnection->query('INSERT INTO `or...', Array, false)
#4 D:\xampp\htdocs\benoite\system\Model.php(394): CodeIgniter\Database\BaseBuilder->insert()
#5 D:\xampp\htdocs\benoite\system\BaseModel.php(840): CodeIgniter\Model->doInsert(Array)
#6 D:\xampp\htdocs\benoite\system\Model.php(802): CodeIgniter\BaseModel->insert(Array, true)
#7 D:\xampp\htdocs\benoite\app\Controllers\CheckoutController.php(76): CodeIgniter\Model->insert(Array)
#8 D:\xampp\htdocs\benoite\system\CodeIgniter.php(933): App\Controllers\CheckoutController->complete()
#9 D:\xampp\htdocs\benoite\system\CodeIgniter.php(509): CodeIgniter\CodeIgniter->runController(Object(App\Controllers\CheckoutController))
#10 D:\xampp\htdocs\benoite\system\CodeIgniter.php(355): CodeIgniter\CodeIgniter->handleRequest(NULL, Object(Config\Cache), false)
#11 D:\xampp\htdocs\benoite\system\Boot.php(325): CodeIgniter\CodeIgniter->run()
#12 D:\xampp\htdocs\benoite\system\Boot.php(67): CodeIgniter\Boot::runCodeIgniter(Object(CodeIgniter\CodeIgniter))
#13 D:\xampp\htdocs\benoite\public\index.php(56): CodeIgniter\Boot::bootWeb(Object(Config\Paths))
#14 D:\xampp\htdocs\benoite\system\rewrite.php(44): require_once('D:\\xampp\\htdocs...')
#15 {main}
ERROR - 2024-08-08 08:35:35 --> mysqli_sql_exception: Column 'user_id' cannot be null in D:\xampp\htdocs\benoite\system\Database\MySQLi\Connection.php:312
Stack trace:
#0 D:\xampp\htdocs\benoite\system\Database\MySQLi\Connection.php(312): mysqli->query('INSERT INTO `or...', 0)
#1 D:\xampp\htdocs\benoite\system\Database\BaseConnection.php(734): CodeIgniter\Database\MySQLi\Connection->execute('INSERT INTO `or...')
#2 D:\xampp\htdocs\benoite\system\Database\BaseConnection.php(648): CodeIgniter\Database\BaseConnection->simpleQuery('INSERT INTO `or...')
#3 D:\xampp\htdocs\benoite\system\Database\BaseBuilder.php(2332): CodeIgniter\Database\BaseConnection->query('INSERT INTO `or...', Array, false)
#4 D:\xampp\htdocs\benoite\system\Model.php(394): CodeIgniter\Database\BaseBuilder->insert()
#5 D:\xampp\htdocs\benoite\system\BaseModel.php(840): CodeIgniter\Model->doInsert(Array)
#6 D:\xampp\htdocs\benoite\system\Model.php(802): CodeIgniter\BaseModel->insert(Array, true)
#7 D:\xampp\htdocs\benoite\app\Controllers\CheckoutController.php(76): CodeIgniter\Model->insert(Array)
#8 D:\xampp\htdocs\benoite\system\CodeIgniter.php(933): App\Controllers\CheckoutController->complete()
#9 D:\xampp\htdocs\benoite\system\CodeIgniter.php(509): CodeIgniter\CodeIgniter->runController(Object(App\Controllers\CheckoutController))
#10 D:\xampp\htdocs\benoite\system\CodeIgniter.php(355): CodeIgniter\CodeIgniter->handleRequest(NULL, Object(Config\Cache), false)
#11 D:\xampp\htdocs\benoite\system\Boot.php(325): CodeIgniter\CodeIgniter->run()
#12 D:\xampp\htdocs\benoite\system\Boot.php(67): CodeIgniter\Boot::runCodeIgniter(Object(CodeIgniter\CodeIgniter))
#13 D:\xampp\htdocs\benoite\public\index.php(56): CodeIgniter\Boot::bootWeb(Object(Config\Paths))
#14 D:\xampp\htdocs\benoite\system\rewrite.php(44): require_once('D:\\xampp\\htdocs...')
#15 {main}
CRITICAL - 2024-08-08 09:07:39 --> BadMethodCallException: Call to undefined method App\Models\OrderModel::getPendingProcessingOrders
[Method: GET, Route: user/order_status]
in SYSTEMPATH\Model.php on line 932.
 1 APPPATH\Controllers\User.php(30): CodeIgniter\Model->__call('getPendingProcessingOrders', [])
 2 SYSTEMPATH\CodeIgniter.php(933): App\Controllers\User->order_status()
 3 SYSTEMPATH\CodeIgniter.php(509): CodeIgniter\CodeIgniter->runController(Object(App\Controllers\User))
 4 SYSTEMPATH\CodeIgniter.php(355): CodeIgniter\CodeIgniter->handleRequest(null, Object(Config\Cache), false)
 5 SYSTEMPATH\Boot.php(325): CodeIgniter\CodeIgniter->run()
 6 SYSTEMPATH\Boot.php(67): CodeIgniter\Boot::runCodeIgniter(Object(CodeIgniter\CodeIgniter))
 7 FCPATH\index.php(56): CodeIgniter\Boot::bootWeb(Object(Config\Paths))
 8 SYSTEMPATH\rewrite.php(44): require_once('D:\\xampp\\htdocs\\benoite\\public\\index.php')
