CRITICAL - 2024-08-07 09:02:43 --> CodeIgniter\Filters\Exceptions\FilterException: "authFilter" filter must have a matching alias defined.
[Method: GET, Route: checkout]
in SYSTEMPATH\Filters\Filters.php on line 495.
 1 SYSTEMPATH\Filters\Filters.php(495): CodeIgniter\Filters\Exceptions\FilterException::forNoAlias('authFilter')
 2 SYSTEMPATH\Filters\Filters.php(547): CodeIgniter\Filters\Filters->enableFilter('authFilter', 'before')
 3 SYSTEMPATH\CodeIgniter.php(469): CodeIgniter\Filters\Filters->enableFilters([...], 'before')
 4 SYSTEMPATH\CodeIgniter.php(355): CodeIgniter\CodeIgniter->handleRequest(null, Object(Config\Cache), false)
 5 SYSTEMPATH\Boot.php(325): CodeIgniter\CodeIgniter->run()
 6 SYSTEMPATH\Boot.php(67): CodeIgniter\Boot::runCodeIgniter(Object(CodeIgniter\CodeIgniter))
 7 FCPATH\index.php(56): CodeIgniter\Boot::bootWeb(Object(Config\Paths))
 8 SYSTEMPATH\rewrite.php(44): require_once('D:\\xampp\\htdocs\\benoite\\public\\index.php')
CRITICAL - 2024-08-07 09:02:50 --> CodeIgniter\Filters\Exceptions\FilterException: "authFilter" filter must have a matching alias defined.
[Method: GET, Route: checkout]
in SYSTEMPATH\Filters\Filters.php on line 495.
 1 SYSTEMPATH\Filters\Filters.php(495): CodeIgniter\Filters\Exceptions\FilterException::forNoAlias('authFilter')
 2 SYSTEMPATH\Filters\Filters.php(547): CodeIgniter\Filters\Filters->enableFilter('authFilter', 'before')
 3 SYSTEMPATH\CodeIgniter.php(469): CodeIgniter\Filters\Filters->enableFilters([...], 'before')
 4 SYSTEMPATH\CodeIgniter.php(355): CodeIgniter\CodeIgniter->handleRequest(null, Object(Config\Cache), false)
 5 SYSTEMPATH\Boot.php(325): CodeIgniter\CodeIgniter->run()
 6 SYSTEMPATH\Boot.php(67): CodeIgniter\Boot::runCodeIgniter(Object(CodeIgniter\CodeIgniter))
 7 FCPATH\index.php(56): CodeIgniter\Boot::bootWeb(Object(Config\Paths))
 8 SYSTEMPATH\rewrite.php(44): require_once('D:\\xampp\\htdocs\\benoite\\public\\index.php')
CRITICAL - 2024-08-07 09:21:43 --> ErrorException: Undefined variable $username
[Method: GET, Route: checkout]
in APPPATH\Views\checkout\index.php on line 5.
 1 APPPATH\Views\checkout\index.php(5): CodeIgniter\Debug\Exceptions->errorHandler(2, 'Undefined variable $username', 'D:\\xampp\\htdocs\\benoite\\app\\Views\\checkout\\index.php', 5)
 2 SYSTEMPATH\View\View.php(234): include('D:\\xampp\\htdocs\\benoite\\app\\Views\\checkout\\index.php')
 3 SYSTEMPATH\View\View.php(237): CodeIgniter\View\View->CodeIgniter\View\{closure}()
 4 SYSTEMPATH\Common.php(1171): CodeIgniter\View\View->render('checkout/index', [], true)
 5 APPPATH\Controllers\CheckoutController.php(22): view('checkout/index', [...])
 6 SYSTEMPATH\CodeIgniter.php(933): App\Controllers\CheckoutController->index()
 7 SYSTEMPATH\CodeIgniter.php(509): CodeIgniter\CodeIgniter->runController(Object(App\Controllers\CheckoutController))
 8 SYSTEMPATH\CodeIgniter.php(355): CodeIgniter\CodeIgniter->handleRequest(null, Object(Config\Cache), false)
 9 SYSTEMPATH\Boot.php(325): CodeIgniter\CodeIgniter->run()
10 SYSTEMPATH\Boot.php(67): CodeIgniter\Boot::runCodeIgniter(Object(CodeIgniter\CodeIgniter))
11 FCPATH\index.php(56): CodeIgniter\Boot::bootWeb(Object(Config\Paths))
12 SYSTEMPATH\rewrite.php(44): require_once('D:\\xampp\\htdocs\\benoite\\public\\index.php')
CRITICAL - 2024-08-07 09:22:00 --> ErrorException: Undefined variable $username
[Method: GET, Route: checkout]
in APPPATH\Views\checkout\index.php on line 5.
 1 APPPATH\Views\checkout\index.php(5): CodeIgniter\Debug\Exceptions->errorHandler(2, 'Undefined variable $username', 'D:\\xampp\\htdocs\\benoite\\app\\Views\\checkout\\index.php', 5)
 2 SYSTEMPATH\View\View.php(234): include('D:\\xampp\\htdocs\\benoite\\app\\Views\\checkout\\index.php')
 3 SYSTEMPATH\View\View.php(237): CodeIgniter\View\View->CodeIgniter\View\{closure}()
 4 SYSTEMPATH\Common.php(1171): CodeIgniter\View\View->render('checkout/index', [], true)
 5 APPPATH\Controllers\CheckoutController.php(22): view('checkout/index', [...])
 6 SYSTEMPATH\CodeIgniter.php(933): App\Controllers\CheckoutController->index()
 7 SYSTEMPATH\CodeIgniter.php(509): CodeIgniter\CodeIgniter->runController(Object(App\Controllers\CheckoutController))
 8 SYSTEMPATH\CodeIgniter.php(355): CodeIgniter\CodeIgniter->handleRequest(null, Object(Config\Cache), false)
 9 SYSTEMPATH\Boot.php(325): CodeIgniter\CodeIgniter->run()
10 SYSTEMPATH\Boot.php(67): CodeIgniter\Boot::runCodeIgniter(Object(CodeIgniter\CodeIgniter))
11 FCPATH\index.php(56): CodeIgniter\Boot::bootWeb(Object(Config\Paths))
12 SYSTEMPATH\rewrite.php(44): require_once('D:\\xampp\\htdocs\\benoite\\public\\index.php')
CRITICAL - 2024-08-07 09:22:08 --> ErrorException: Undefined variable $username
[Method: GET, Route: checkout]
in APPPATH\Views\checkout\index.php on line 5.
 1 APPPATH\Views\checkout\index.php(5): CodeIgniter\Debug\Exceptions->errorHandler(2, 'Undefined variable $username', 'D:\\xampp\\htdocs\\benoite\\app\\Views\\checkout\\index.php', 5)
 2 SYSTEMPATH\View\View.php(234): include('D:\\xampp\\htdocs\\benoite\\app\\Views\\checkout\\index.php')
 3 SYSTEMPATH\View\View.php(237): CodeIgniter\View\View->CodeIgniter\View\{closure}()
 4 SYSTEMPATH\Common.php(1171): CodeIgniter\View\View->render('checkout/index', [], true)
 5 APPPATH\Controllers\CheckoutController.php(22): view('checkout/index', [...])
 6 SYSTEMPATH\CodeIgniter.php(933): App\Controllers\CheckoutController->index()
 7 SYSTEMPATH\CodeIgniter.php(509): CodeIgniter\CodeIgniter->runController(Object(App\Controllers\CheckoutController))
 8 SYSTEMPATH\CodeIgniter.php(355): CodeIgniter\CodeIgniter->handleRequest(null, Object(Config\Cache), false)
 9 SYSTEMPATH\Boot.php(325): CodeIgniter\CodeIgniter->run()
10 SYSTEMPATH\Boot.php(67): CodeIgniter\Boot::runCodeIgniter(Object(CodeIgniter\CodeIgniter))
11 FCPATH\index.php(56): CodeIgniter\Boot::bootWeb(Object(Config\Paths))
12 SYSTEMPATH\rewrite.php(44): require_once('D:\\xampp\\htdocs\\benoite\\public\\index.php')
CRITICAL - 2024-08-07 09:34:11 --> CodeIgniter\View\Exceptions\ViewException: Invalid file: "checkout/complete_purchase.php"
[Method: GET, Route: checkout/complete_purchase/7]
in SYSTEMPATH\Exceptions\FrameworkException.php on line 41.
 1 SYSTEMPATH\View\View.php(222): CodeIgniter\Exceptions\FrameworkException::forInvalidFile('checkout/complete_purchase.php')
 2 SYSTEMPATH\Common.php(1171): CodeIgniter\View\View->render('checkout/complete_purchase', [], true)
 3 APPPATH\Controllers\CheckoutController.php(109): view('checkout/complete_purchase', [...])
 4 SYSTEMPATH\CodeIgniter.php(933): App\Controllers\CheckoutController->completePurchase('7')
 5 SYSTEMPATH\CodeIgniter.php(509): CodeIgniter\CodeIgniter->runController(Object(App\Controllers\CheckoutController))
 6 SYSTEMPATH\CodeIgniter.php(355): CodeIgniter\CodeIgniter->handleRequest(null, Object(Config\Cache), false)
 7 SYSTEMPATH\Boot.php(325): CodeIgniter\CodeIgniter->run()
 8 SYSTEMPATH\Boot.php(67): CodeIgniter\Boot::runCodeIgniter(Object(CodeIgniter\CodeIgniter))
 9 FCPATH\index.php(56): CodeIgniter\Boot::bootWeb(Object(Config\Paths))
10 SYSTEMPATH\rewrite.php(44): require_once('D:\\xampp\\htdocs\\benoite\\public\\index.php')
CRITICAL - 2024-08-07 09:37:57 --> ErrorException: Undefined array key "phone_number"
[Method: GET, Route: checkout/complete_purchase/7]
in APPPATH\Views\checkout\complete_purchase.php on line 8.
 1 APPPATH\Views\checkout\complete_purchase.php(8): CodeIgniter\Debug\Exceptions->errorHandler(2, 'Undefined array key "phone_number"', 'D:\\xampp\\htdocs\\benoite\\app\\Views\\checkout\\complete_purchase.php', 8)
 2 SYSTEMPATH\View\View.php(234): include('D:\\xampp\\htdocs\\benoite\\app\\Views\\checkout\\complete_purchase.php')
 3 SYSTEMPATH\View\View.php(237): CodeIgniter\View\View->CodeIgniter\View\{closure}()
 4 SYSTEMPATH\Common.php(1171): CodeIgniter\View\View->render('checkout/complete_purchase', [], true)
 5 APPPATH\Controllers\CheckoutController.php(109): view('checkout/complete_purchase', [...])
 6 SYSTEMPATH\CodeIgniter.php(933): App\Controllers\CheckoutController->completePurchase('7')
 7 SYSTEMPATH\CodeIgniter.php(509): CodeIgniter\CodeIgniter->runController(Object(App\Controllers\CheckoutController))
 8 SYSTEMPATH\CodeIgniter.php(355): CodeIgniter\CodeIgniter->handleRequest(null, Object(Config\Cache), false)
 9 SYSTEMPATH\Boot.php(325): CodeIgniter\CodeIgniter->run()
10 SYSTEMPATH\Boot.php(67): CodeIgniter\Boot::runCodeIgniter(Object(CodeIgniter\CodeIgniter))
11 FCPATH\index.php(56): CodeIgniter\Boot::bootWeb(Object(Config\Paths))
12 SYSTEMPATH\rewrite.php(44): require_once('D:\\xampp\\htdocs\\benoite\\public\\index.php')
CRITICAL - 2024-08-07 09:38:35 --> ErrorException: Undefined array key "phone_number"
[Method: GET, Route: checkout/complete_purchase/8]
in APPPATH\Views\checkout\complete_purchase.php on line 8.
 1 APPPATH\Views\checkout\complete_purchase.php(8): CodeIgniter\Debug\Exceptions->errorHandler(2, 'Undefined array key "phone_number"', 'D:\\xampp\\htdocs\\benoite\\app\\Views\\checkout\\complete_purchase.php', 8)
 2 SYSTEMPATH\View\View.php(234): include('D:\\xampp\\htdocs\\benoite\\app\\Views\\checkout\\complete_purchase.php')
 3 SYSTEMPATH\View\View.php(237): CodeIgniter\View\View->CodeIgniter\View\{closure}()
 4 SYSTEMPATH\Common.php(1171): CodeIgniter\View\View->render('checkout/complete_purchase', [], true)
 5 APPPATH\Controllers\CheckoutController.php(109): view('checkout/complete_purchase', [...])
 6 SYSTEMPATH\CodeIgniter.php(933): App\Controllers\CheckoutController->completePurchase('8')
 7 SYSTEMPATH\CodeIgniter.php(509): CodeIgniter\CodeIgniter->runController(Object(App\Controllers\CheckoutController))
 8 SYSTEMPATH\CodeIgniter.php(355): CodeIgniter\CodeIgniter->handleRequest(null, Object(Config\Cache), false)
 9 SYSTEMPATH\Boot.php(325): CodeIgniter\CodeIgniter->run()
10 SYSTEMPATH\Boot.php(67): CodeIgniter\Boot::runCodeIgniter(Object(CodeIgniter\CodeIgniter))
11 FCPATH\index.php(56): CodeIgniter\Boot::bootWeb(Object(Config\Paths))
12 SYSTEMPATH\rewrite.php(44): require_once('D:\\xampp\\htdocs\\benoite\\public\\index.php')
CRITICAL - 2024-08-07 10:08:47 --> CodeIgniter\View\Exceptions\ViewException: Invalid file: "checkout/complete_purchase.php"
[Method: GET, Route: checkout/complete_purchase/8]
in SYSTEMPATH\Exceptions\FrameworkException.php on line 41.
 1 SYSTEMPATH\View\View.php(222): CodeIgniter\Exceptions\FrameworkException::forInvalidFile('checkout/complete_purchase.php')
 2 SYSTEMPATH\Common.php(1171): CodeIgniter\View\View->render('checkout/complete_purchase', [], true)
 3 APPPATH\Controllers\CheckoutController.php(109): view('checkout/complete_purchase', [...])
 4 SYSTEMPATH\CodeIgniter.php(933): App\Controllers\CheckoutController->completePurchase('8')
 5 SYSTEMPATH\CodeIgniter.php(509): CodeIgniter\CodeIgniter->runController(Object(App\Controllers\CheckoutController))
 6 SYSTEMPATH\CodeIgniter.php(355): CodeIgniter\CodeIgniter->handleRequest(null, Object(Config\Cache), false)
 7 SYSTEMPATH\Boot.php(325): CodeIgniter\CodeIgniter->run()
 8 SYSTEMPATH\Boot.php(67): CodeIgniter\Boot::runCodeIgniter(Object(CodeIgniter\CodeIgniter))
 9 FCPATH\index.php(56): CodeIgniter\Boot::bootWeb(Object(Config\Paths))
10 SYSTEMPATH\rewrite.php(44): require_once('D:\\xampp\\htdocs\\benoite\\public\\index.php')
CRITICAL - 2024-08-07 10:09:34 --> CodeIgniter\View\Exceptions\ViewException: Invalid file: "checkout/complete_purchase.php"
[Method: GET, Route: checkout/complete_purchase/9]
in SYSTEMPATH\Exceptions\FrameworkException.php on line 41.
 1 SYSTEMPATH\View\View.php(222): CodeIgniter\Exceptions\FrameworkException::forInvalidFile('checkout/complete_purchase.php')
 2 SYSTEMPATH\Common.php(1171): CodeIgniter\View\View->render('checkout/complete_purchase', [], true)
 3 APPPATH\Controllers\CheckoutController.php(109): view('checkout/complete_purchase', [...])
 4 SYSTEMPATH\CodeIgniter.php(933): App\Controllers\CheckoutController->completePurchase('9')
 5 SYSTEMPATH\CodeIgniter.php(509): CodeIgniter\CodeIgniter->runController(Object(App\Controllers\CheckoutController))
 6 SYSTEMPATH\CodeIgniter.php(355): CodeIgniter\CodeIgniter->handleRequest(null, Object(Config\Cache), false)
 7 SYSTEMPATH\Boot.php(325): CodeIgniter\CodeIgniter->run()
 8 SYSTEMPATH\Boot.php(67): CodeIgniter\Boot::runCodeIgniter(Object(CodeIgniter\CodeIgniter))
 9 FCPATH\index.php(56): CodeIgniter\Boot::bootWeb(Object(Config\Paths))
10 SYSTEMPATH\rewrite.php(44): require_once('D:\\xampp\\htdocs\\benoite\\public\\index.php')
CRITICAL - 2024-08-07 10:12:23 --> ErrorException: Undefined array key "delivery_choice"
[Method: GET, Route: checkout/complete_purchase/9]
in APPPATH\Views\checkout\complete_purchase.php on line 9.
 1 APPPATH\Views\checkout\complete_purchase.php(9): CodeIgniter\Debug\Exceptions->errorHandler(2, 'Undefined array key "delivery_choice"', 'D:\\xampp\\htdocs\\benoite\\app\\Views\\checkout\\complete_purchase.php', 9)
 2 SYSTEMPATH\View\View.php(234): include('D:\\xampp\\htdocs\\benoite\\app\\Views\\checkout\\complete_purchase.php')
 3 SYSTEMPATH\View\View.php(237): CodeIgniter\View\View->CodeIgniter\View\{closure}()
 4 SYSTEMPATH\Common.php(1171): CodeIgniter\View\View->render('checkout/complete_purchase', [], true)
 5 APPPATH\Controllers\CheckoutController.php(109): view('checkout/complete_purchase', [...])
 6 SYSTEMPATH\CodeIgniter.php(933): App\Controllers\CheckoutController->completePurchase('9')
 7 SYSTEMPATH\CodeIgniter.php(509): CodeIgniter\CodeIgniter->runController(Object(App\Controllers\CheckoutController))
 8 SYSTEMPATH\CodeIgniter.php(355): CodeIgniter\CodeIgniter->handleRequest(null, Object(Config\Cache), false)
 9 SYSTEMPATH\Boot.php(325): CodeIgniter\CodeIgniter->run()
10 SYSTEMPATH\Boot.php(67): CodeIgniter\Boot::runCodeIgniter(Object(CodeIgniter\CodeIgniter))
11 FCPATH\index.php(56): CodeIgniter\Boot::bootWeb(Object(Config\Paths))
12 SYSTEMPATH\rewrite.php(44): require_once('D:\\xampp\\htdocs\\benoite\\public\\index.php')
CRITICAL - 2024-08-07 10:12:52 --> ErrorException: Undefined array key "delivery_choice"
[Method: GET, Route: checkout/complete_purchase/10]
in APPPATH\Views\checkout\complete_purchase.php on line 9.
 1 APPPATH\Views\checkout\complete_purchase.php(9): CodeIgniter\Debug\Exceptions->errorHandler(2, 'Undefined array key "delivery_choice"', 'D:\\xampp\\htdocs\\benoite\\app\\Views\\checkout\\complete_purchase.php', 9)
 2 SYSTEMPATH\View\View.php(234): include('D:\\xampp\\htdocs\\benoite\\app\\Views\\checkout\\complete_purchase.php')
 3 SYSTEMPATH\View\View.php(237): CodeIgniter\View\View->CodeIgniter\View\{closure}()
 4 SYSTEMPATH\Common.php(1171): CodeIgniter\View\View->render('checkout/complete_purchase', [], true)
 5 APPPATH\Controllers\CheckoutController.php(109): view('checkout/complete_purchase', [...])
 6 SYSTEMPATH\CodeIgniter.php(933): App\Controllers\CheckoutController->completePurchase('10')
 7 SYSTEMPATH\CodeIgniter.php(509): CodeIgniter\CodeIgniter->runController(Object(App\Controllers\CheckoutController))
 8 SYSTEMPATH\CodeIgniter.php(355): CodeIgniter\CodeIgniter->handleRequest(null, Object(Config\Cache), false)
 9 SYSTEMPATH\Boot.php(325): CodeIgniter\CodeIgniter->run()
10 SYSTEMPATH\Boot.php(67): CodeIgniter\Boot::runCodeIgniter(Object(CodeIgniter\CodeIgniter))
11 FCPATH\index.php(56): CodeIgniter\Boot::bootWeb(Object(Config\Paths))
12 SYSTEMPATH\rewrite.php(44): require_once('D:\\xampp\\htdocs\\benoite\\public\\index.php')
CRITICAL - 2024-08-07 10:54:48 --> ErrorException: Undefined array key "image"
[Method: GET, Route: checkout/complete_purchase/15]
in APPPATH\Controllers\CheckoutController.php on line 115.
 1 APPPATH\Controllers\CheckoutController.php(115): CodeIgniter\Debug\Exceptions->errorHandler(2, 'Undefined array key "image"', 'D:\\xampp\\htdocs\\benoite\\app\\Controllers\\CheckoutController.php', 115)
 2 SYSTEMPATH\CodeIgniter.php(933): App\Controllers\CheckoutController->completePurchase('15')
 3 SYSTEMPATH\CodeIgniter.php(509): CodeIgniter\CodeIgniter->runController(Object(App\Controllers\CheckoutController))
 4 SYSTEMPATH\CodeIgniter.php(355): CodeIgniter\CodeIgniter->handleRequest(null, Object(Config\Cache), false)
 5 SYSTEMPATH\Boot.php(325): CodeIgniter\CodeIgniter->run()
 6 SYSTEMPATH\Boot.php(67): CodeIgniter\Boot::runCodeIgniter(Object(CodeIgniter\CodeIgniter))
 7 FCPATH\index.php(56): CodeIgniter\Boot::bootWeb(Object(Config\Paths))
 8 SYSTEMPATH\rewrite.php(44): require_once('D:\\xampp\\htdocs\\benoite\\public\\index.php')
CRITICAL - 2024-08-07 10:56:07 --> ErrorException: Undefined array key "image"
[Method: GET, Route: checkout/complete_purchase/16]
in APPPATH\Controllers\CheckoutController.php on line 115.
 1 APPPATH\Controllers\CheckoutController.php(115): CodeIgniter\Debug\Exceptions->errorHandler(2, 'Undefined array key "image"', 'D:\\xampp\\htdocs\\benoite\\app\\Controllers\\CheckoutController.php', 115)
 2 SYSTEMPATH\CodeIgniter.php(933): App\Controllers\CheckoutController->completePurchase('16')
 3 SYSTEMPATH\CodeIgniter.php(509): CodeIgniter\CodeIgniter->runController(Object(App\Controllers\CheckoutController))
 4 SYSTEMPATH\CodeIgniter.php(355): CodeIgniter\CodeIgniter->handleRequest(null, Object(Config\Cache), false)
 5 SYSTEMPATH\Boot.php(325): CodeIgniter\CodeIgniter->run()
 6 SYSTEMPATH\Boot.php(67): CodeIgniter\Boot::runCodeIgniter(Object(CodeIgniter\CodeIgniter))
 7 FCPATH\index.php(56): CodeIgniter\Boot::bootWeb(Object(Config\Paths))
 8 SYSTEMPATH\rewrite.php(44): require_once('D:\\xampp\\htdocs\\benoite\\public\\index.php')
CRITICAL - 2024-08-07 11:54:51 --> ParseError: Unclosed '{' on line 9
[Method: GET, Route: user]
in APPPATH\Controllers\User.php on line 41.
 1 SYSTEMPATH\Autoloader\Autoloader.php(296): CodeIgniter\Autoloader\Autoloader->includeFile('D:\\xampp\\htdocs\\benoite\\app\\Controllers\\User.php')
 2 SYSTEMPATH\Autoloader\Autoloader.php(272): CodeIgniter\Autoloader\Autoloader->loadInNamespace('App\\Controllers\\User')
 3 [internal function]: CodeIgniter\Autoloader\Autoloader->loadClass('App\\Controllers\\User')
 4 SYSTEMPATH\CodeIgniter.php(887): class_exists('\\App\\Controllers\\User', true)
 5 SYSTEMPATH\CodeIgniter.php(496): CodeIgniter\CodeIgniter->startController()
 6 SYSTEMPATH\CodeIgniter.php(355): CodeIgniter\CodeIgniter->handleRequest(null, Object(Config\Cache), false)
 7 SYSTEMPATH\Boot.php(325): CodeIgniter\CodeIgniter->run()
 8 SYSTEMPATH\Boot.php(67): CodeIgniter\Boot::runCodeIgniter(Object(CodeIgniter\CodeIgniter))
 9 FCPATH\index.php(56): CodeIgniter\Boot::bootWeb(Object(Config\Paths))
10 SYSTEMPATH\rewrite.php(44): require_once('D:\\xampp\\htdocs\\benoite\\public\\index.php')
CRITICAL - 2024-08-07 11:54:55 --> ParseError: Unclosed '{' on line 9
[Method: GET, Route: user]
in APPPATH\Controllers\User.php on line 41.
 1 SYSTEMPATH\Autoloader\Autoloader.php(296): CodeIgniter\Autoloader\Autoloader->includeFile('D:\\xampp\\htdocs\\benoite\\app\\Controllers\\User.php')
 2 SYSTEMPATH\Autoloader\Autoloader.php(272): CodeIgniter\Autoloader\Autoloader->loadInNamespace('App\\Controllers\\User')
 3 [internal function]: CodeIgniter\Autoloader\Autoloader->loadClass('App\\Controllers\\User')
 4 SYSTEMPATH\CodeIgniter.php(887): class_exists('\\App\\Controllers\\User', true)
 5 SYSTEMPATH\CodeIgniter.php(496): CodeIgniter\CodeIgniter->startController()
 6 SYSTEMPATH\CodeIgniter.php(355): CodeIgniter\CodeIgniter->handleRequest(null, Object(Config\Cache), false)
 7 SYSTEMPATH\Boot.php(325): CodeIgniter\CodeIgniter->run()
 8 SYSTEMPATH\Boot.php(67): CodeIgniter\Boot::runCodeIgniter(Object(CodeIgniter\CodeIgniter))
 9 FCPATH\index.php(56): CodeIgniter\Boot::bootWeb(Object(Config\Paths))
10 SYSTEMPATH\rewrite.php(44): require_once('D:\\xampp\\htdocs\\benoite\\public\\index.php')
CRITICAL - 2024-08-07 11:54:57 --> ParseError: Unclosed '{' on line 9
[Method: GET, Route: user]
in APPPATH\Controllers\User.php on line 41.
 1 SYSTEMPATH\Autoloader\Autoloader.php(296): CodeIgniter\Autoloader\Autoloader->includeFile('D:\\xampp\\htdocs\\benoite\\app\\Controllers\\User.php')
 2 SYSTEMPATH\Autoloader\Autoloader.php(272): CodeIgniter\Autoloader\Autoloader->loadInNamespace('App\\Controllers\\User')
 3 [internal function]: CodeIgniter\Autoloader\Autoloader->loadClass('App\\Controllers\\User')
 4 SYSTEMPATH\CodeIgniter.php(887): class_exists('\\App\\Controllers\\User', true)
 5 SYSTEMPATH\CodeIgniter.php(496): CodeIgniter\CodeIgniter->startController()
 6 SYSTEMPATH\CodeIgniter.php(355): CodeIgniter\CodeIgniter->handleRequest(null, Object(Config\Cache), false)
 7 SYSTEMPATH\Boot.php(325): CodeIgniter\CodeIgniter->run()
 8 SYSTEMPATH\Boot.php(67): CodeIgniter\Boot::runCodeIgniter(Object(CodeIgniter\CodeIgniter))
 9 FCPATH\index.php(56): CodeIgniter\Boot::bootWeb(Object(Config\Paths))
10 SYSTEMPATH\rewrite.php(44): require_once('D:\\xampp\\htdocs\\benoite\\public\\index.php')
CRITICAL - 2024-08-07 11:55:02 --> ParseError: Unclosed '{' on line 9
[Method: GET, Route: user]
in APPPATH\Controllers\User.php on line 41.
 1 SYSTEMPATH\Autoloader\Autoloader.php(296): CodeIgniter\Autoloader\Autoloader->includeFile('D:\\xampp\\htdocs\\benoite\\app\\Controllers\\User.php')
 2 SYSTEMPATH\Autoloader\Autoloader.php(272): CodeIgniter\Autoloader\Autoloader->loadInNamespace('App\\Controllers\\User')
 3 [internal function]: CodeIgniter\Autoloader\Autoloader->loadClass('App\\Controllers\\User')
 4 SYSTEMPATH\CodeIgniter.php(887): class_exists('\\App\\Controllers\\User', true)
 5 SYSTEMPATH\CodeIgniter.php(496): CodeIgniter\CodeIgniter->startController()
 6 SYSTEMPATH\CodeIgniter.php(355): CodeIgniter\CodeIgniter->handleRequest(null, Object(Config\Cache), false)
 7 SYSTEMPATH\Boot.php(325): CodeIgniter\CodeIgniter->run()
 8 SYSTEMPATH\Boot.php(67): CodeIgniter\Boot::runCodeIgniter(Object(CodeIgniter\CodeIgniter))
 9 FCPATH\index.php(56): CodeIgniter\Boot::bootWeb(Object(Config\Paths))
10 SYSTEMPATH\rewrite.php(44): require_once('D:\\xampp\\htdocs\\benoite\\public\\index.php')
CRITICAL - 2024-08-07 12:40:27 --> ParseError: syntax error, unexpected end of file
[Method: GET, Route: admin/manage_cake]
in APPPATH\Views\admin\manage_cake.php on line 94.
 1 SYSTEMPATH\View\View.php(237): CodeIgniter\View\View->CodeIgniter\View\{closure}()
 2 SYSTEMPATH\Common.php(1171): CodeIgniter\View\View->render('admin/manage_cake', [], true)
 3 APPPATH\Controllers\Admin.php(81): view('admin/manage_cake', [...])
 4 SYSTEMPATH\CodeIgniter.php(933): App\Controllers\Admin->manageCake()
 5 SYSTEMPATH\CodeIgniter.php(509): CodeIgniter\CodeIgniter->runController(Object(App\Controllers\Admin))
 6 SYSTEMPATH\CodeIgniter.php(355): CodeIgniter\CodeIgniter->handleRequest(null, Object(Config\Cache), false)
 7 SYSTEMPATH\Boot.php(325): CodeIgniter\CodeIgniter->run()
 8 SYSTEMPATH\Boot.php(67): CodeIgniter\Boot::runCodeIgniter(Object(CodeIgniter\CodeIgniter))
 9 FCPATH\index.php(56): CodeIgniter\Boot::bootWeb(Object(Config\Paths))
10 SYSTEMPATH\rewrite.php(44): require_once('D:\\xampp\\htdocs\\benoite\\public\\index.php')
CRITICAL - 2024-08-07 12:44:47 --> ErrorException: Undefined array key "cake_name"
[Method: GET, Route: admin/manage_cake]
in APPPATH\Views\admin\manage_cake.php on line 90.
 1 APPPATH\Views\admin\manage_cake.php(90): CodeIgniter\Debug\Exceptions->errorHandler(2, 'Undefined array key "cake_name"', 'D:\\xampp\\htdocs\\benoite\\app\\Views\\admin\\manage_cake.php', 90)
 2 SYSTEMPATH\View\View.php(234): include('D:\\xampp\\htdocs\\benoite\\app\\Views\\admin\\manage_cake.php')
 3 SYSTEMPATH\View\View.php(237): CodeIgniter\View\View->CodeIgniter\View\{closure}()
 4 SYSTEMPATH\Common.php(1171): CodeIgniter\View\View->render('admin/manage_cake', [], true)
 5 APPPATH\Controllers\Admin.php(82): view('admin/manage_cake', [...])
 6 SYSTEMPATH\CodeIgniter.php(933): App\Controllers\Admin->manageCake()
 7 SYSTEMPATH\CodeIgniter.php(509): CodeIgniter\CodeIgniter->runController(Object(App\Controllers\Admin))
 8 SYSTEMPATH\CodeIgniter.php(355): CodeIgniter\CodeIgniter->handleRequest(null, Object(Config\Cache), false)
 9 SYSTEMPATH\Boot.php(325): CodeIgniter\CodeIgniter->run()
10 SYSTEMPATH\Boot.php(67): CodeIgniter\Boot::runCodeIgniter(Object(CodeIgniter\CodeIgniter))
11 FCPATH\index.php(56): CodeIgniter\Boot::bootWeb(Object(Config\Paths))
12 SYSTEMPATH\rewrite.php(44): require_once('D:\\xampp\\htdocs\\benoite\\public\\index.php')
CRITICAL - 2024-08-07 12:44:52 --> ErrorException: Undefined array key "cake_name"
[Method: GET, Route: admin/manage_cake]
in APPPATH\Views\admin\manage_cake.php on line 90.
 1 APPPATH\Views\admin\manage_cake.php(90): CodeIgniter\Debug\Exceptions->errorHandler(2, 'Undefined array key "cake_name"', 'D:\\xampp\\htdocs\\benoite\\app\\Views\\admin\\manage_cake.php', 90)
 2 SYSTEMPATH\View\View.php(234): include('D:\\xampp\\htdocs\\benoite\\app\\Views\\admin\\manage_cake.php')
 3 SYSTEMPATH\View\View.php(237): CodeIgniter\View\View->CodeIgniter\View\{closure}()
 4 SYSTEMPATH\Common.php(1171): CodeIgniter\View\View->render('admin/manage_cake', [], true)
 5 APPPATH\Controllers\Admin.php(82): view('admin/manage_cake', [...])
 6 SYSTEMPATH\CodeIgniter.php(933): App\Controllers\Admin->manageCake()
 7 SYSTEMPATH\CodeIgniter.php(509): CodeIgniter\CodeIgniter->runController(Object(App\Controllers\Admin))
 8 SYSTEMPATH\CodeIgniter.php(355): CodeIgniter\CodeIgniter->handleRequest(null, Object(Config\Cache), false)
 9 SYSTEMPATH\Boot.php(325): CodeIgniter\CodeIgniter->run()
10 SYSTEMPATH\Boot.php(67): CodeIgniter\Boot::runCodeIgniter(Object(CodeIgniter\CodeIgniter))
11 FCPATH\index.php(56): CodeIgniter\Boot::bootWeb(Object(Config\Paths))
12 SYSTEMPATH\rewrite.php(44): require_once('D:\\xampp\\htdocs\\benoite\\public\\index.php')
CRITICAL - 2024-08-07 12:51:19 --> ErrorException: Undefined array key "cake_name"
[Method: GET, Route: admin/edit_cake/1]
in APPPATH\Views\admin\edit_cake.php on line 53.
 1 APPPATH\Views\admin\edit_cake.php(53): CodeIgniter\Debug\Exceptions->errorHandler(2, 'Undefined array key "cake_name"', 'D:\\xampp\\htdocs\\benoite\\app\\Views\\admin\\edit_cake.php', 53)
 2 SYSTEMPATH\View\View.php(234): include('D:\\xampp\\htdocs\\benoite\\app\\Views\\admin\\edit_cake.php')
 3 SYSTEMPATH\View\View.php(237): CodeIgniter\View\View->CodeIgniter\View\{closure}()
 4 SYSTEMPATH\Common.php(1171): CodeIgniter\View\View->render('admin/edit_cake', [], true)
 5 APPPATH\Controllers\Admin.php(138): view('admin/edit_cake', [...])
 6 SYSTEMPATH\CodeIgniter.php(933): App\Controllers\Admin->editCake('1')
 7 SYSTEMPATH\CodeIgniter.php(509): CodeIgniter\CodeIgniter->runController(Object(App\Controllers\Admin))
 8 SYSTEMPATH\CodeIgniter.php(355): CodeIgniter\CodeIgniter->handleRequest(null, Object(Config\Cache), false)
 9 SYSTEMPATH\Boot.php(325): CodeIgniter\CodeIgniter->run()
10 SYSTEMPATH\Boot.php(67): CodeIgniter\Boot::runCodeIgniter(Object(CodeIgniter\CodeIgniter))
11 FCPATH\index.php(56): CodeIgniter\Boot::bootWeb(Object(Config\Paths))
12 SYSTEMPATH\rewrite.php(44): require_once('D:\\xampp\\htdocs\\benoite\\public\\index.php')
CRITICAL - 2024-08-07 13:41:18 --> ErrorException: Undefined array key "cake_name"
[Method: GET, Route: admin/edit_cake/1]
in APPPATH\Views\admin\edit_cake.php on line 53.
 1 APPPATH\Views\admin\edit_cake.php(53): CodeIgniter\Debug\Exceptions->errorHandler(2, 'Undefined array key "cake_name"', 'D:\\xampp\\htdocs\\benoite\\app\\Views\\admin\\edit_cake.php', 53)
 2 SYSTEMPATH\View\View.php(234): include('D:\\xampp\\htdocs\\benoite\\app\\Views\\admin\\edit_cake.php')
 3 SYSTEMPATH\View\View.php(237): CodeIgniter\View\View->CodeIgniter\View\{closure}()
 4 SYSTEMPATH\Common.php(1171): CodeIgniter\View\View->render('admin/edit_cake', [], true)
 5 APPPATH\Controllers\Admin.php(138): view('admin/edit_cake', [...])
 6 SYSTEMPATH\CodeIgniter.php(933): App\Controllers\Admin->editCake('1')
 7 SYSTEMPATH\CodeIgniter.php(509): CodeIgniter\CodeIgniter->runController(Object(App\Controllers\Admin))
 8 SYSTEMPATH\CodeIgniter.php(355): CodeIgniter\CodeIgniter->handleRequest(null, Object(Config\Cache), false)
 9 SYSTEMPATH\Boot.php(325): CodeIgniter\CodeIgniter->run()
10 SYSTEMPATH\Boot.php(67): CodeIgniter\Boot::runCodeIgniter(Object(CodeIgniter\CodeIgniter))
11 FCPATH\index.php(56): CodeIgniter\Boot::bootWeb(Object(Config\Paths))
12 SYSTEMPATH\rewrite.php(44): require_once('D:\\xampp\\htdocs\\benoite\\public\\index.php')
